<?xml version="1.0" encoding="UTF-8" ?>
<testsuite failures="1" time="37.929" errors="0" skipped="1" tests="20" name="TestSuite">
  <properties>
    <property name="java.runtime.name" value="Java(TM) SE Runtime Environment"/>
    <property name="sun.boot.library.path" value="C:\Program Files\Java\jdk1.6.0_18\jre\bin"/>
    <property name="java.vm.version" value="16.0-b13"/>
    <property name="java.vm.vendor" value="Sun Microsystems Inc."/>
    <property name="java.vendor.url" value="http://java.sun.com/"/>
    <property name="path.separator" value=";"/>
    <property name="java.vm.name" value="Java HotSpot(TM) Client VM"/>
    <property name="file.encoding.pkg" value="sun.io"/>
    <property name="user.country" value="US"/>
    <property name="sun.java.launcher" value="SUN_STANDARD"/>
    <property name="sun.os.patch.level" value=""/>
    <property name="java.vm.specification.name" value="Java Virtual Machine Specification"/>
    <property name="user.dir" value="D:\java\ideaProjects\myfshop"/>
    <property name="java.runtime.version" value="1.6.0_18-b07"/>
    <property name="java.awt.graphicsenv" value="sun.awt.Win32GraphicsEnvironment"/>
    <property name="basedir" value="D:\java\ideaProjects\myfshop"/>
    <property name="java.endorsed.dirs" value="C:\Program Files\Java\jdk1.6.0_18\jre\lib\endorsed"/>
    <property name="os.arch" value="x86"/>
    <property name="surefire.real.class.path" value="C:\Users\user\surefirebooter7516348152248435964.jar"/>
    <property name="java.io.tmpdir" value="C:\Users\user\"/>
    <property name="line.separator" value="
"/>
    <property name="java.vm.specification.vendor" value="Sun Microsystems Inc."/>
    <property name="user.variant" value=""/>
    <property name="os.name" value="Windows 7"/>
    <property name="sun.jnu.encoding" value="Cp1252"/>
    <property name="java.library.path" value="C:\Program Files\Java\jdk1.6.0_18\jre\bin;.;C:\Windows\Sun\Java\bin;C:\Windows\system32;C:\Windows;C:\cygwin\usr\local\bin;C:\cygwin\bin;C:\cygwin\bin;C:\oraclexe\app\oracle\product\10.2.0\server\bin;C:\Program Files\Mercurial\;C:\Program Files\TortoiseHg\;C:\Program Files\Zend\MySQL51\bin;C:\Program Files\Java\jdk1.6.0_18\bin;C:\Program Files\Zend\ZendServer\bin;C:\Program Files\Zend\ZendServer\share\ZendFramework\bin;C:\PROGRA~1\IBM\SQLLIB\BIN;C:\PROGRA~1\IBM\SQLLIB\FUNCTION;C:\apache-maven-2.2.1\bin;C:\apache-maven-2.2.1\bin"/>
    <property name="surefire.test.class.path" value="D:\java\ideaProjects\myfshop\target\test-classes;D:\java\ideaProjects\myfshop\target\classes;C:\Users\user\.m2\repository\org\apache\tapestry\tapestry-test\5.1.0.5\tapestry-test-5.1.0.5.jar;C:\Users\user\.m2\repository\org\seleniumhq\selenium\client-drivers\selenium-java-client-driver\1.0-beta-2\selenium-java-client-driver-1.0-beta-2.jar;C:\Users\user\.m2\repository\junit\junit\3.8.1\junit-3.8.1.jar;C:\Users\user\.m2\repository\org\codehaus\groovy\maven\runtime\gmaven-runtime-default\1.0-rc-3\gmaven-runtime-default-1.0-rc-3.jar;C:\Users\user\.m2\repository\org\slf4j\slf4j-api\1.5.2\slf4j-api-1.5.2.jar;C:\Users\user\.m2\repository\org\codehaus\groovy\maven\runtime\gmaven-runtime-1.5\1.0-rc-3\gmaven-runtime-1.5-1.0-rc-3.jar;C:\Users\user\.m2\repository\org\codehaus\groovy\maven\feature\gmaven-feature-support\1.0-rc-3\gmaven-feature-support-1.0-rc-3.jar;C:\Users\user\.m2\repository\org\codehaus\groovy\maven\feature\gmaven-feature-api\1.0-rc-3\gmaven-feature-api-1.0-rc-3.jar;C:\Users\user\.m2\repository\org\codehaus\groovy\maven\runtime\gmaven-runtime-support\1.0-rc-3\gmaven-runtime-support-1.0-rc-3.jar;C:\Users\user\.m2\repository\org\codehaus\groovy\maven\runtime\gmaven-runtime-api\1.0-rc-3\gmaven-runtime-api-1.0-rc-3.jar;C:\Users\user\.m2\repository\org\codehaus\groovy\maven\gmaven-common\1.0-rc-3\gmaven-common-1.0-rc-3.jar;C:\Users\user\.m2\repository\org\codehaus\plexus\plexus-utils\1.5.5\plexus-utils-1.5.5.jar;C:\Users\user\.m2\repository\com\thoughtworks\qdox\qdox\1.6.3\qdox-1.6.3.jar;C:\Users\user\.m2\repository\org\codehaus\groovy\groovy-all-minimal\1.5.6\groovy-all-minimal-1.5.6.jar;C:\Users\user\.m2\repository\org\apache\ant\ant\1.7.1\ant-1.7.1.jar;C:\Users\user\.m2\repository\org\apache\ant\ant-launcher\1.7.1\ant-launcher-1.7.1.jar;C:\Users\user\.m2\repository\jline\jline\0.9.94\jline-0.9.94.jar;C:\Users\user\.m2\repository\org\seleniumhq\selenium\core\selenium-core\1.0-beta-2\selenium-core-1.0-beta-2.jar;C:\Users\user\.m2\repository\org\seleniumhq\selenium\server\selenium-server\1.0-beta-2\selenium-server-1.0-beta-2-standalone.jar;C:\Users\user\.m2\repository\org\seleniumhq\selenium\server\selenium-server-coreless\1.0-beta-2\selenium-server-coreless-1.0-beta-2.jar;C:\Users\user\.m2\repository\ant\ant\1.6.5\ant-1.6.5.jar;C:\Users\user\.m2\repository\jetty\org.mortbay.jetty\5.1.10\org.mortbay.jetty-5.1.10.jar;C:\Users\user\.m2\repository\commons-logging\commons-logging\1.0.4\commons-logging-1.0.4.jar;C:\Users\user\.m2\repository\commons-codec\commons-codec\1.3\commons-codec-1.3.jar;C:\Users\user\.m2\repository\javax\servlet\servlet-api\2.5\servlet-api-2.5.jar;C:\Users\user\.m2\repository\bouncycastle\bcprov-jdk15\135\bcprov-jdk15-135.jar;C:\Users\user\.m2\repository\org\seleniumhq\selenium\server\selenium-server\1.0-beta-2\selenium-server-1.0-beta-2.jar;C:\Users\user\.m2\repository\org\testng\testng\5.8\testng-5.8-jdk15.jar;C:\Users\user\.m2\repository\org\apache\tapestry\tapestry-core\5.1.0.5\tapestry-core-5.1.0.5.jar;C:\Users\user\.m2\repository\org\apache\tapestry\tapestry-ioc\5.1.0.5\tapestry-ioc-5.1.0.5.jar;C:\Users\user\.m2\repository\org\apache\tapestry\tapestry5-annotations\5.1.0.5\tapestry5-annotations-5.1.0.5.jar;C:\Users\user\.m2\repository\javassist\javassist\3.9.0.GA\javassist-3.9.0.GA.jar;C:\Users\user\.m2\repository\log4j\log4j\1.2.14\log4j-1.2.14.jar;C:\Users\user\.m2\repository\org\slf4j\slf4j-log4j12\1.5.2\slf4j-log4j12-1.5.2.jar;C:\Users\user\.m2\repository\org\antlr\antlr-runtime\3.1.1\antlr-runtime-3.1.1.jar;C:\Users\user\.m2\repository\org\codehaus\woodstox\woodstox-core-asl\4.0.3\woodstox-core-asl-4.0.3.jar;C:\Users\user\.m2\repository\stax\stax-api\1.0.1\stax-api-1.0.1.jar;C:\Users\user\.m2\repository\org\codehaus\woodstox\stax2-api\3.0.1\stax2-api-3.0.1.jar;C:\Users\user\.m2\repository\javax\xml\stream\stax-api\1.0-2\stax-api-1.0-2.jar;C:\Users\user\.m2\repository\org\easymock\easymock\2.4\easymock-2.4.jar;"/>
    <property name="java.specification.name" value="Java Platform API Specification"/>
    <property name="java.class.version" value="50.0"/>
    <property name="sun.management.compiler" value="HotSpot Client Compiler"/>
    <property name="org.mortbay.http.HttpRequest.maxFormContentSize" value="0"/>
    <property name="os.version" value="6.1"/>
    <property name="user.home" value="C:\Users\user"/>
    <property name="user.timezone" value="Europe/Prague"/>
    <property name="java.awt.printerjob" value="sun.awt.windows.WPrinterJob"/>
    <property name="java.specification.version" value="1.6"/>
    <property name="file.encoding" value="Cp1252"/>
    <property name="user.name" value="user"/>
    <property name="java.class.path" value="D:\java\ideaProjects\myfshop\target\test-classes;D:\java\ideaProjects\myfshop\target\classes;C:\Users\user\.m2\repository\org\apache\tapestry\tapestry-test\5.1.0.5\tapestry-test-5.1.0.5.jar;C:\Users\user\.m2\repository\org\seleniumhq\selenium\client-drivers\selenium-java-client-driver\1.0-beta-2\selenium-java-client-driver-1.0-beta-2.jar;C:\Users\user\.m2\repository\junit\junit\3.8.1\junit-3.8.1.jar;C:\Users\user\.m2\repository\org\codehaus\groovy\maven\runtime\gmaven-runtime-default\1.0-rc-3\gmaven-runtime-default-1.0-rc-3.jar;C:\Users\user\.m2\repository\org\slf4j\slf4j-api\1.5.2\slf4j-api-1.5.2.jar;C:\Users\user\.m2\repository\org\codehaus\groovy\maven\runtime\gmaven-runtime-1.5\1.0-rc-3\gmaven-runtime-1.5-1.0-rc-3.jar;C:\Users\user\.m2\repository\org\codehaus\groovy\maven\feature\gmaven-feature-support\1.0-rc-3\gmaven-feature-support-1.0-rc-3.jar;C:\Users\user\.m2\repository\org\codehaus\groovy\maven\feature\gmaven-feature-api\1.0-rc-3\gmaven-feature-api-1.0-rc-3.jar;C:\Users\user\.m2\repository\org\codehaus\groovy\maven\runtime\gmaven-runtime-support\1.0-rc-3\gmaven-runtime-support-1.0-rc-3.jar;C:\Users\user\.m2\repository\org\codehaus\groovy\maven\runtime\gmaven-runtime-api\1.0-rc-3\gmaven-runtime-api-1.0-rc-3.jar;C:\Users\user\.m2\repository\org\codehaus\groovy\maven\gmaven-common\1.0-rc-3\gmaven-common-1.0-rc-3.jar;C:\Users\user\.m2\repository\org\codehaus\plexus\plexus-utils\1.5.5\plexus-utils-1.5.5.jar;C:\Users\user\.m2\repository\com\thoughtworks\qdox\qdox\1.6.3\qdox-1.6.3.jar;C:\Users\user\.m2\repository\org\codehaus\groovy\groovy-all-minimal\1.5.6\groovy-all-minimal-1.5.6.jar;C:\Users\user\.m2\repository\org\apache\ant\ant\1.7.1\ant-1.7.1.jar;C:\Users\user\.m2\repository\org\apache\ant\ant-launcher\1.7.1\ant-launcher-1.7.1.jar;C:\Users\user\.m2\repository\jline\jline\0.9.94\jline-0.9.94.jar;C:\Users\user\.m2\repository\org\seleniumhq\selenium\core\selenium-core\1.0-beta-2\selenium-core-1.0-beta-2.jar;C:\Users\user\.m2\repository\org\seleniumhq\selenium\server\selenium-server\1.0-beta-2\selenium-server-1.0-beta-2-standalone.jar;C:\Users\user\.m2\repository\org\seleniumhq\selenium\server\selenium-server-coreless\1.0-beta-2\selenium-server-coreless-1.0-beta-2.jar;C:\Users\user\.m2\repository\ant\ant\1.6.5\ant-1.6.5.jar;C:\Users\user\.m2\repository\jetty\org.mortbay.jetty\5.1.10\org.mortbay.jetty-5.1.10.jar;C:\Users\user\.m2\repository\commons-logging\commons-logging\1.0.4\commons-logging-1.0.4.jar;C:\Users\user\.m2\repository\commons-codec\commons-codec\1.3\commons-codec-1.3.jar;C:\Users\user\.m2\repository\javax\servlet\servlet-api\2.5\servlet-api-2.5.jar;C:\Users\user\.m2\repository\bouncycastle\bcprov-jdk15\135\bcprov-jdk15-135.jar;C:\Users\user\.m2\repository\org\seleniumhq\selenium\server\selenium-server\1.0-beta-2\selenium-server-1.0-beta-2.jar;C:\Users\user\.m2\repository\org\testng\testng\5.8\testng-5.8-jdk15.jar;C:\Users\user\.m2\repository\org\apache\tapestry\tapestry-core\5.1.0.5\tapestry-core-5.1.0.5.jar;C:\Users\user\.m2\repository\org\apache\tapestry\tapestry-ioc\5.1.0.5\tapestry-ioc-5.1.0.5.jar;C:\Users\user\.m2\repository\org\apache\tapestry\tapestry5-annotations\5.1.0.5\tapestry5-annotations-5.1.0.5.jar;C:\Users\user\.m2\repository\javassist\javassist\3.9.0.GA\javassist-3.9.0.GA.jar;C:\Users\user\.m2\repository\log4j\log4j\1.2.14\log4j-1.2.14.jar;C:\Users\user\.m2\repository\org\slf4j\slf4j-log4j12\1.5.2\slf4j-log4j12-1.5.2.jar;C:\Users\user\.m2\repository\org\antlr\antlr-runtime\3.1.1\antlr-runtime-3.1.1.jar;C:\Users\user\.m2\repository\org\codehaus\woodstox\woodstox-core-asl\4.0.3\woodstox-core-asl-4.0.3.jar;C:\Users\user\.m2\repository\stax\stax-api\1.0.1\stax-api-1.0.1.jar;C:\Users\user\.m2\repository\org\codehaus\woodstox\stax2-api\3.0.1\stax2-api-3.0.1.jar;C:\Users\user\.m2\repository\javax\xml\stream\stax-api\1.0-2\stax-api-1.0-2.jar;C:\Users\user\.m2\repository\org\easymock\easymock\2.4\easymock-2.4.jar;"/>
    <property name="java.vm.specification.version" value="1.0"/>
    <property name="sun.arch.data.model" value="32"/>
    <property name="java.home" value="C:\Program Files\Java\jdk1.6.0_18\jre"/>
    <property name="java.specification.vendor" value="Sun Microsystems Inc."/>
    <property name="user.language" value="en"/>
    <property name="awt.toolkit" value="sun.awt.windows.WToolkit"/>
    <property name="java.vm.info" value="mixed mode, sharing"/>
    <property name="java.version" value="1.6.0_18"/>
    <property name="java.ext.dirs" value="C:\Program Files\Java\jdk1.6.0_18\jre\lib\ext;C:\Windows\Sun\Java\lib\ext"/>
    <property name="sun.boot.class.path" value="C:\Program Files\Java\jdk1.6.0_18\jre\lib\resources.jar;C:\Program Files\Java\jdk1.6.0_18\jre\lib\rt.jar;C:\Program Files\Java\jdk1.6.0_18\jre\lib\sunrsasign.jar;C:\Program Files\Java\jdk1.6.0_18\jre\lib\jsse.jar;C:\Program Files\Java\jdk1.6.0_18\jre\lib\jce.jar;C:\Program Files\Java\jdk1.6.0_18\jre\lib\charsets.jar;C:\Program Files\Java\jdk1.6.0_18\jre\classes"/>
    <property name="java.vendor" value="Sun Microsystems Inc."/>
    <property name="localRepository" value="C:\Users\user\.m2\repository"/>
    <property name="file.separator" value="\"/>
    <property name="java.vendor.url.bug" value="http://java.sun.com/cgi-bin/bugreport.cgi"/>
    <property name="sun.cpu.endian" value="little"/>
    <property name="sun.io.unicode.encoding" value="UnicodeLittle"/>
    <property name="sun.desktop" value="windows"/>
    <property name="sun.cpu.isalist" value="pentium_pro+mmx pentium_pro pentium+mmx pentium i486 i386 i86"/>
  </properties>
  <testcase time="0.004" classname="org.seke.fs.EewrTest" name="testergergPrice"/>
  <testcase time="36.754" classname="org.seke.fs.SeleniumTest" name="setup">
    <failure message="Could not start Selenium session: Internal Server Error" type="java.lang.RuntimeException">java.lang.RuntimeException: Could not start Selenium session: Internal Server Error
	at com.thoughtworks.selenium.DefaultSelenium.start(DefaultSelenium.java:89)
	at org.apache.tapestry5.test.AbstractIntegrationTestSuite.setup(AbstractIntegrationTestSuite.java:277)
	at sun.reflect.NativeMethodAccessorImpl.invoke0(Native Method)
	at sun.reflect.NativeMethodAccessorImpl.invoke(NativeMethodAccessorImpl.java:39)
	at sun.reflect.DelegatingMethodAccessorImpl.invoke(DelegatingMethodAccessorImpl.java:25)
	at java.lang.reflect.Method.invoke(Method.java:597)
	at org.testng.internal.MethodHelper.invokeMethod(MethodHelper.java:580)
	at org.testng.internal.Invoker.invokeConfigurationMethod(Invoker.java:398)
	at org.testng.internal.Invoker.invokeConfigurations(Invoker.java:145)
	at org.testng.internal.Invoker.invokeConfigurations(Invoker.java:82)
	at org.testng.internal.TestMethodWorker.invokeBeforeClassMethods(TestMethodWorker.java:167)
	at org.testng.internal.TestMethodWorker.run(TestMethodWorker.java:104)
	at org.testng.TestRunner.runWorkers(TestRunner.java:712)
	at org.testng.TestRunner.privateRun(TestRunner.java:582)
	at org.testng.TestRunner.run(TestRunner.java:477)
	at org.testng.SuiteRunner.runTest(SuiteRunner.java:324)
	at org.testng.SuiteRunner.runSequentially(SuiteRunner.java:319)
	at org.testng.SuiteRunner.privateRun(SuiteRunner.java:292)
	at org.testng.SuiteRunner.run(SuiteRunner.java:198)
	at org.testng.TestNG.createAndRunSuiteRunners(TestNG.java:821)
	at org.testng.TestNG.runSuitesLocally(TestNG.java:788)
	at org.testng.TestNG.run(TestNG.java:708)
	at org.apache.maven.surefire.testng.TestNGExecutor.run(TestNGExecutor.java:62)
	at org.apache.maven.surefire.testng.TestNGDirectoryTestSuite.execute(TestNGDirectoryTestSuite.java:141)
	at org.apache.maven.surefire.Surefire.run(Surefire.java:177)
	at sun.reflect.NativeMethodAccessorImpl.invoke0(Native Method)
	at sun.reflect.NativeMethodAccessorImpl.invoke(NativeMethodAccessorImpl.java:39)
	at sun.reflect.DelegatingMethodAccessorImpl.invoke(DelegatingMethodAccessorImpl.java:25)
	at java.lang.reflect.Method.invoke(Method.java:597)
	at org.apache.maven.surefire.booter.SurefireBooter.runSuitesInProcess(SurefireBooter.java:345)
	at org.apache.maven.surefire.booter.SurefireBooter.main(SurefireBooter.java:1009)
Caused by: com.thoughtworks.selenium.SeleniumException: Internal Server Error
	at com.thoughtworks.selenium.HttpCommandProcessor.throwAssertionFailureExceptionOrError(HttpCommandProcessor.java:97)
	at com.thoughtworks.selenium.HttpCommandProcessor.getCommandResponseAsString(HttpCommandProcessor.java:168)
	at com.thoughtworks.selenium.HttpCommandProcessor.executeCommandOnServlet(HttpCommandProcessor.java:104)
	at com.thoughtworks.selenium.HttpCommandProcessor.doCommand(HttpCommandProcessor.java:86)
	at com.thoughtworks.selenium.HttpCommandProcessor.getString(HttpCommandProcessor.java:262)
	at com.thoughtworks.selenium.HttpCommandProcessor.start(HttpCommandProcessor.java:223)
	at org.apache.tapestry5.test.ErrorReportingCommandProcessor.start(ErrorReportingCommandProcessor.java:156)
	at com.thoughtworks.selenium.DefaultSelenium.start(DefaultSelenium.java:81)
	... 30 more
Caused by: com.thoughtworks.selenium.SeleniumException: Internal Server Error
	at com.thoughtworks.selenium.HttpCommandProcessor.throwAssertionFailureExceptionOrError(HttpCommandProcessor.java:97)
	at com.thoughtworks.selenium.HttpCommandProcessor.getCommandResponseAsString(HttpCommandProcessor.java:168)
	at com.thoughtworks.selenium.HttpCommandProcessor.executeCommandOnServlet(HttpCommandProcessor.java:104)
	at com.thoughtworks.selenium.HttpCommandProcessor.doCommand(HttpCommandProcessor.java:86)
	at com.thoughtworks.selenium.HttpCommandProcessor.getString(HttpCommandProcessor.java:262)
	at com.thoughtworks.selenium.HttpCommandProcessor.start(HttpCommandProcessor.java:223)
	at org.apache.tapestry5.test.ErrorReportingCommandProcessor.start(ErrorReportingCommandProcessor.java:156)
	at com.thoughtworks.selenium.DefaultSelenium.start(DefaultSelenium.java:81)
	... 30 more
</failure>
  </testcase>
  <testcase time="0" classname="org.seke.fs.SeleniumTest" name="testApplicationStartUp">
    <skipped/>
  </testcase>
  <testcase time="0.002" classname="org.seke.fs.beans.CostumerBeanTest" name="testUsername"/>
  <testcase time="0" classname="org.seke.fs.beans.CostumerBeanTest" name="testFirstName"/>
  <testcase time="0" classname="org.seke.fs.beans.CostumerBeanTest" name="testPassword"/>
  <testcase time="0" classname="org.seke.fs.beans.CostumerBeanTest" name="testLastName"/>
  <testcase time="0" classname="org.seke.fs.beans.CostumerBeanTest" name="testOrders"/>
  <testcase time="0" classname="org.seke.fs.beans.EewrTest" name="testergergPrice"/>
  <testcase time="0.001" classname="org.seke.fs.beans.OrderBeanTest" name="commitDate"/>
  <testcase time="0" classname="org.seke.fs.beans.OrderBeanTest" name="testOrdersItems"/>
  <testcase time="0" classname="org.seke.fs.beans.OrderBeanTest" name="id"/>
  <testcase time="0" classname="org.seke.fs.beans.OrdersItemBeanTest" name="testPrice"/>
  <testcase time="0" classname="org.seke.fs.beans.OrdersItemBeanTest" name="testOrdersItemNumber"/>
  <testcase time="0" classname="org.seke.fs.beans.OrdersItemBeanTest" name="testAmount"/>
  <testcase time="0" classname="org.seke.fs.beans.ProductBeanTest" name="testAmountInStock"/>
  <testcase time="0" classname="org.seke.fs.beans.ProductBeanTest" name="testId"/>
  <testcase time="0" classname="org.seke.fs.beans.ProductBeanTest" name="testTitle"/>
  <testcase time="0" classname="org.seke.fs.beans.ProductBeanTest" name="testPrice"/>
  <testcase time="0" classname="org.seke.fs.beans.SeleniumTest" name="testApplicationStartUp"/>
</testsuite>